0 info it worked if it ends with ok
1 verbose cli [ '/usr/bin/nodejs', '/usr/bin/npm', 'install', 'jquery' ]
2 info using npm@1.3.10
3 info using node@v0.10.25
4 warn package.json task_0@0.0.0 No description
5 warn package.json task_0@0.0.0 No repository field.
6 warn package.json task_0@0.0.0 No README data
7 verbose readDependencies using package.json deps
8 verbose cache add [ 'jquery', null ]
9 verbose cache add name=undefined spec="jquery" args=["jquery",null]
10 verbose parsed url { protocol: null,
10 verbose parsed url   slashes: null,
10 verbose parsed url   auth: null,
10 verbose parsed url   host: null,
10 verbose parsed url   port: null,
10 verbose parsed url   hostname: null,
10 verbose parsed url   hash: null,
10 verbose parsed url   search: null,
10 verbose parsed url   query: null,
10 verbose parsed url   pathname: 'jquery',
10 verbose parsed url   path: 'jquery',
10 verbose parsed url   href: 'jquery' }
11 silly lockFile 6f2ab963-jquery jquery
12 verbose lock jquery /root/.npm/6f2ab963-jquery.lock
13 silly lockFile 6f2ab963-jquery jquery
14 silly lockFile 6f2ab963-jquery jquery
15 verbose addNamed [ 'jquery', '' ]
16 verbose addNamed [ null, '*' ]
17 silly lockFile 039e748d-jquery jquery@
18 verbose lock jquery@ /root/.npm/039e748d-jquery.lock
19 silly addNameRange { name: 'jquery', range: '*', hasData: false }
20 verbose url raw jquery
21 verbose url resolving [ 'https://registry.npmjs.org/', './jquery' ]
22 verbose url resolved https://registry.npmjs.org/jquery
23 info trying registry request attempt 1 at 22:18:31
24 http GET https://registry.npmjs.org/jquery
25 info retry will retry, error on last attempt: Error: CERT_UNTRUSTED
26 info trying registry request attempt 2 at 22:18:41
27 http GET https://registry.npmjs.org/jquery
28 info retry will retry, error on last attempt: Error: CERT_UNTRUSTED
29 info trying registry request attempt 3 at 22:19:41
30 http GET https://registry.npmjs.org/jquery
31 silly lockFile 039e748d-jquery jquery@
32 silly lockFile 039e748d-jquery jquery@
33 error Error: CERT_UNTRUSTED
33 error     at SecurePair.<anonymous> (tls.js:1370:32)
33 error     at SecurePair.EventEmitter.emit (events.js:92:17)
33 error     at SecurePair.maybeInitFinished (tls.js:982:10)
33 error     at CleartextStream.read [as _read] (tls.js:469:13)
33 error     at CleartextStream.Readable.read (_stream_readable.js:320:10)
33 error     at EncryptedStream.write [as _write] (tls.js:366:25)
33 error     at doWrite (_stream_writable.js:223:10)
33 error     at writeOrBuffer (_stream_writable.js:213:5)
33 error     at EncryptedStream.Writable.write (_stream_writable.js:180:11)
33 error     at write (_stream_readable.js:583:24)
34 error If you need help, you may report this log at:
34 error     <http://github.com/isaacs/npm/issues>
34 error or email it to:
34 error     <npm-@googlegroups.com>
35 error System Linux 5.3.0-1032-aws
36 error command "/usr/bin/nodejs" "/usr/bin/npm" "install" "jquery"
37 error cwd /root/alx-react/0x00-Webpack/task_0
38 error node -v v0.10.25
39 error npm -v 1.3.10
40 verbose exit [ 1, true ]
